----------------------------------------------------------------
Tue Jan 25 23:11:32 EET 2022:
Booting Derby version The Apache Software Foundation - Apache Derby - 10.14.2.0 - (1828579): instance a816c00e-017e-9314-5c6d-000006d67100 
on database directory memory:C:\Users\SESA45475\Downloads\FestiBeds-Back-main\d7164372-ebc2-4f58-a66a-5335371a9553 with class loader jdk.internal.loader.ClassLoaders$AppClassLoader@6e5e91e4 
Loaded from file:/C:/Users/SESA45475/.m2/repository/org/apache/derby/derby/10.14.2.0/derby-10.14.2.0.jar
java.vendor=Oracle Corporation
java.runtime.version=11+28
user.dir=C:\Users\SESA45475\Downloads\FestiBeds-Back-main
os.name=Windows 10
os.arch=amd64
os.version=10.0
derby.system.home=null
Database Class Loader started - derby.database.classpath=''
----------------------------------------------------------------
Tue Jan 25 23:11:53 EET 2022:
Shutting down instance a816c00e-017e-9314-5c6d-000006d67100 on database directory memory:C:\Users\SESA45475\Downloads\FestiBeds-Back-main\d7164372-ebc2-4f58-a66a-5335371a9553 with class loader jdk.internal.loader.ClassLoaders$AppClassLoader@6e5e91e4 
----------------------------------------------------------------
Tue Jan 25 23:11:55 EET 2022:
Booting Derby version The Apache Software Foundation - Apache Derby - 10.14.2.0 - (1828579): instance 489a813c-017e-9314-5c6d-000006d67100 
on database directory memory:C:\Users\SESA45475\Downloads\FestiBeds-Back-main\e379aaf8-fb7a-42c1-bd2d-f301ac6f8590 with class loader jdk.internal.loader.ClassLoaders$AppClassLoader@6e5e91e4 
Loaded from file:/C:/Users/SESA45475/.m2/repository/org/apache/derby/derby/10.14.2.0/derby-10.14.2.0.jar
java.vendor=Oracle Corporation
java.runtime.version=11+28
user.dir=C:\Users\SESA45475\Downloads\FestiBeds-Back-main
os.name=Windows 10
os.arch=amd64
os.version=10.0
derby.system.home=null
Database Class Loader started - derby.database.classpath=''
----------------------------------------------------------------
Tue Jan 25 23:12:03 EET 2022:
Shutting down instance 489a813c-017e-9314-5c6d-000006d67100 on database directory memory:C:\Users\SESA45475\Downloads\FestiBeds-Back-main\e379aaf8-fb7a-42c1-bd2d-f301ac6f8590 with class loader jdk.internal.loader.ClassLoaders$AppClassLoader@6e5e91e4 
----------------------------------------------------------------
Tue Jan 25 23:12:06 EET 2022:
Booting Derby version The Apache Software Foundation - Apache Derby - 10.14.2.0 - (1828579): instance 022f426a-017e-9314-5c6d-000006d67100 
on database directory memory:C:\Users\SESA45475\Downloads\FestiBeds-Back-main\e3008b0b-9f29-4815-8765-78019eabebf9 with class loader jdk.internal.loader.ClassLoaders$AppClassLoader@6e5e91e4 
Loaded from file:/C:/Users/SESA45475/.m2/repository/org/apache/derby/derby/10.14.2.0/derby-10.14.2.0.jar
java.vendor=Oracle Corporation
java.runtime.version=11+28
user.dir=C:\Users\SESA45475\Downloads\FestiBeds-Back-main
os.name=Windows 10
os.arch=amd64
os.version=10.0
derby.system.home=null
Database Class Loader started - derby.database.classpath=''
----------------------------------------------------------------
Tue Jan 25 23:14:07 EET 2022:
Shutting down instance 022f426a-017e-9314-5c6d-000006d67100 on database directory memory:C:\Users\SESA45475\Downloads\FestiBeds-Back-main\e3008b0b-9f29-4815-8765-78019eabebf9 with class loader jdk.internal.loader.ClassLoaders$AppClassLoader@6e5e91e4 
----------------------------------------------------------------
Tue Jan 25 23:14:08 EET 2022:
Booting Derby version The Apache Software Foundation - Apache Derby - 10.14.2.0 - (1828579): instance 1c0c03a0-017e-9314-5c6d-000006d67100 
on database directory memory:C:\Users\SESA45475\Downloads\FestiBeds-Back-main\ec001d2c-a14e-4fc7-b443-9d1b4ee608a8 with class loader jdk.internal.loader.ClassLoaders$AppClassLoader@6e5e91e4 
Loaded from file:/C:/Users/SESA45475/.m2/repository/org/apache/derby/derby/10.14.2.0/derby-10.14.2.0.jar
java.vendor=Oracle Corporation
java.runtime.version=11+28
user.dir=C:\Users\SESA45475\Downloads\FestiBeds-Back-main
os.name=Windows 10
os.arch=amd64
os.version=10.0
derby.system.home=null
Database Class Loader started - derby.database.classpath=''
----------------------------------------------------------------
Tue Jan 25 23:14:14 EET 2022:
Shutting down instance 1c0c03a0-017e-9314-5c6d-000006d67100 on database directory memory:C:\Users\SESA45475\Downloads\FestiBeds-Back-main\ec001d2c-a14e-4fc7-b443-9d1b4ee608a8 with class loader jdk.internal.loader.ClassLoaders$AppClassLoader@6e5e91e4 
----------------------------------------------------------------
Tue Jan 25 23:14:15 EET 2022:
Booting Derby version The Apache Software Foundation - Apache Derby - 10.14.2.0 - (1828579): instance 8a1ec4ce-017e-9314-5c6d-000006d67100 
on database directory memory:C:\Users\SESA45475\Downloads\FestiBeds-Back-main\1a630e15-76d8-45c7-805b-295b736836fa with class loader jdk.internal.loader.ClassLoaders$AppClassLoader@6e5e91e4 
Loaded from file:/C:/Users/SESA45475/.m2/repository/org/apache/derby/derby/10.14.2.0/derby-10.14.2.0.jar
java.vendor=Oracle Corporation
java.runtime.version=11+28
user.dir=C:\Users\SESA45475\Downloads\FestiBeds-Back-main
os.name=Windows 10
os.arch=amd64
os.version=10.0
derby.system.home=null
Database Class Loader started - derby.database.classpath=''
----------------------------------------------------------------
Tue Jan 25 23:14:52 EET 2022:
Shutting down instance 8a1ec4ce-017e-9314-5c6d-000006d67100 on database directory memory:C:\Users\SESA45475\Downloads\FestiBeds-Back-main\1a630e15-76d8-45c7-805b-295b736836fa with class loader jdk.internal.loader.ClassLoaders$AppClassLoader@6e5e91e4 
----------------------------------------------------------------
Tue Jan 25 23:14:54 EET 2022:
Booting Derby version The Apache Software Foundation - Apache Derby - 10.14.2.0 - (1828579): instance f7400600-017e-9314-5c6d-000006d67100 
on database directory memory:C:\Users\SESA45475\Downloads\FestiBeds-Back-main\fdb37a7c-ac0c-4957-864f-5f31afab4cc7 with class loader jdk.internal.loader.ClassLoaders$AppClassLoader@6e5e91e4 
Loaded from file:/C:/Users/SESA45475/.m2/repository/org/apache/derby/derby/10.14.2.0/derby-10.14.2.0.jar
java.vendor=Oracle Corporation
java.runtime.version=11+28
user.dir=C:\Users\SESA45475\Downloads\FestiBeds-Back-main
os.name=Windows 10
os.arch=amd64
os.version=10.0
derby.system.home=null
Database Class Loader started - derby.database.classpath=''
----------------------------------------------------------------
Tue Jan 25 23:17:18 EET 2022:
Shutting down instance f7400600-017e-9314-5c6d-000006d67100 on database directory memory:C:\Users\SESA45475\Downloads\FestiBeds-Back-main\fdb37a7c-ac0c-4957-864f-5f31afab4cc7 with class loader jdk.internal.loader.ClassLoaders$AppClassLoader@6e5e91e4 
----------------------------------------------------------------
Tue Jan 25 23:17:19 EET 2022:
Booting Derby version The Apache Software Foundation - Apache Derby - 10.14.2.0 - (1828579): instance 6c3a0730-017e-9314-5c6d-000006d67100 
on database directory memory:C:\Users\SESA45475\Downloads\FestiBeds-Back-main\498bd161-b62f-4128-ba7b-38106be673f8 with class loader jdk.internal.loader.ClassLoaders$AppClassLoader@6e5e91e4 
Loaded from file:/C:/Users/SESA45475/.m2/repository/org/apache/derby/derby/10.14.2.0/derby-10.14.2.0.jar
java.vendor=Oracle Corporation
java.runtime.version=11+28
user.dir=C:\Users\SESA45475\Downloads\FestiBeds-Back-main
os.name=Windows 10
os.arch=amd64
os.version=10.0
derby.system.home=null
Database Class Loader started - derby.database.classpath=''
----------------------------------------------------------------
Tue Jan 25 23:17:39 EET 2022:
Shutting down instance 6c3a0730-017e-9314-5c6d-000006d67100 on database directory memory:C:\Users\SESA45475\Downloads\FestiBeds-Back-main\498bd161-b62f-4128-ba7b-38106be673f8 with class loader jdk.internal.loader.ClassLoaders$AppClassLoader@6e5e91e4 
----------------------------------------------------------------
Tue Jan 25 23:17:41 EET 2022:
Booting Derby version The Apache Software Foundation - Apache Derby - 10.14.2.0 - (1828579): instance e744c85e-017e-9314-5c6d-000006d67100 
on database directory memory:C:\Users\SESA45475\Downloads\FestiBeds-Back-main\353250f8-fa15-4497-97e8-34ff2bc7f0c8 with class loader jdk.internal.loader.ClassLoaders$AppClassLoader@6e5e91e4 
Loaded from file:/C:/Users/SESA45475/.m2/repository/org/apache/derby/derby/10.14.2.0/derby-10.14.2.0.jar
java.vendor=Oracle Corporation
java.runtime.version=11+28
user.dir=C:\Users\SESA45475\Downloads\FestiBeds-Back-main
os.name=Windows 10
os.arch=amd64
os.version=10.0
derby.system.home=null
Database Class Loader started - derby.database.classpath=''
----------------------------------------------------------------
Tue Jan 25 23:18:41 EET 2022:
Shutting down instance e744c85e-017e-9314-5c6d-000006d67100 on database directory memory:C:\Users\SESA45475\Downloads\FestiBeds-Back-main\353250f8-fa15-4497-97e8-34ff2bc7f0c8 with class loader jdk.internal.loader.ClassLoaders$AppClassLoader@6e5e91e4 
----------------------------------------------------------------
Tue Jan 25 23:18:43 EET 2022:
Booting Derby version The Apache Software Foundation - Apache Derby - 10.14.2.0 - (1828579): instance 4ce1499a-017e-9314-5c6d-000006d67100 
on database directory memory:C:\Users\SESA45475\Downloads\FestiBeds-Back-main\93cc6ef7-c538-45d8-a678-41f399fb2621 with class loader jdk.internal.loader.ClassLoaders$AppClassLoader@6e5e91e4 
Loaded from file:/C:/Users/SESA45475/.m2/repository/org/apache/derby/derby/10.14.2.0/derby-10.14.2.0.jar
java.vendor=Oracle Corporation
java.runtime.version=11+28
user.dir=C:\Users\SESA45475\Downloads\FestiBeds-Back-main
os.name=Windows 10
os.arch=amd64
os.version=10.0
derby.system.home=null
Database Class Loader started - derby.database.classpath=''
----------------------------------------------------------------
Tue Jan 25 23:19:27 EET 2022:
Shutting down instance 4ce1499a-017e-9314-5c6d-000006d67100 on database directory memory:C:\Users\SESA45475\Downloads\FestiBeds-Back-main\93cc6ef7-c538-45d8-a678-41f399fb2621 with class loader jdk.internal.loader.ClassLoaders$AppClassLoader@6e5e91e4 
----------------------------------------------------------------
Tue Jan 25 23:19:29 EET 2022:
Booting Derby version The Apache Software Foundation - Apache Derby - 10.14.2.0 - (1828579): instance 93c60ad0-017e-9314-5c6d-000006d67100 
on database directory memory:C:\Users\SESA45475\Downloads\FestiBeds-Back-main\6b16fb3e-bbf3-4f81-aa11-f5f4cac266ba with class loader jdk.internal.loader.ClassLoaders$AppClassLoader@6e5e91e4 
Loaded from file:/C:/Users/SESA45475/.m2/repository/org/apache/derby/derby/10.14.2.0/derby-10.14.2.0.jar
java.vendor=Oracle Corporation
java.runtime.version=11+28
user.dir=C:\Users\SESA45475\Downloads\FestiBeds-Back-main
os.name=Windows 10
os.arch=amd64
os.version=10.0
derby.system.home=null
Database Class Loader started - derby.database.classpath=''
----------------------------------------------------------------
Tue Jan 25 23:19:34 EET 2022:
Shutting down instance 93c60ad0-017e-9314-5c6d-000006d67100 on database directory memory:C:\Users\SESA45475\Downloads\FestiBeds-Back-main\6b16fb3e-bbf3-4f81-aa11-f5f4cac266ba with class loader jdk.internal.loader.ClassLoaders$AppClassLoader@6e5e91e4 
----------------------------------------------------------------
Tue Jan 25 23:19:36 EET 2022:
Booting Derby version The Apache Software Foundation - Apache Derby - 10.14.2.0 - (1828579): instance 2080cbfe-017e-9314-5c6d-000006d67100 
on database directory memory:C:\Users\SESA45475\Downloads\FestiBeds-Back-main\3887a453-dacf-4e3c-aa2b-09f6c25ea117 with class loader jdk.internal.loader.ClassLoaders$AppClassLoader@6e5e91e4 
Loaded from file:/C:/Users/SESA45475/.m2/repository/org/apache/derby/derby/10.14.2.0/derby-10.14.2.0.jar
java.vendor=Oracle Corporation
java.runtime.version=11+28
user.dir=C:\Users\SESA45475\Downloads\FestiBeds-Back-main
os.name=Windows 10
os.arch=amd64
os.version=10.0
derby.system.home=null
Database Class Loader started - derby.database.classpath=''
----------------------------------------------------------------
Tue Jan 25 23:22:15 EET 2022:
Shutting down instance 2080cbfe-017e-9314-5c6d-000006d67100 on database directory memory:C:\Users\SESA45475\Downloads\FestiBeds-Back-main\3887a453-dacf-4e3c-aa2b-09f6c25ea117 with class loader jdk.internal.loader.ClassLoaders$AppClassLoader@6e5e91e4 
----------------------------------------------------------------
Tue Jan 25 23:22:16 EET 2022:
Booting Derby version The Apache Software Foundation - Apache Derby - 10.14.2.0 - (1828579): instance ec3bcd46-017e-9314-5c6d-000006d67100 
on database directory memory:C:\Users\SESA45475\Downloads\FestiBeds-Back-main\8b9fdd24-603b-4cbe-b023-64c71c710a27 with class loader jdk.internal.loader.ClassLoaders$AppClassLoader@6e5e91e4 
Loaded from file:/C:/Users/SESA45475/.m2/repository/org/apache/derby/derby/10.14.2.0/derby-10.14.2.0.jar
java.vendor=Oracle Corporation
java.runtime.version=11+28
user.dir=C:\Users\SESA45475\Downloads\FestiBeds-Back-main
os.name=Windows 10
os.arch=amd64
os.version=10.0
derby.system.home=null
Database Class Loader started - derby.database.classpath=''
----------------------------------------------------------------
Tue Jan 25 23:24:35 EET 2022:
Shutting down instance ec3bcd46-017e-9314-5c6d-000006d67100 on database directory memory:C:\Users\SESA45475\Downloads\FestiBeds-Back-main\8b9fdd24-603b-4cbe-b023-64c71c710a27 with class loader jdk.internal.loader.ClassLoaders$AppClassLoader@6e5e91e4 
----------------------------------------------------------------
Tue Jan 25 23:24:36 EET 2022:
Booting Derby version The Apache Software Foundation - Apache Derby - 10.14.2.0 - (1828579): instance 72c38e74-017e-9314-5c6d-000006d67100 
on database directory memory:C:\Users\SESA45475\Downloads\FestiBeds-Back-main\bc563f8e-b2f8-4e9b-951c-6ca5248dbe6e with class loader jdk.internal.loader.ClassLoaders$AppClassLoader@6e5e91e4 
Loaded from file:/C:/Users/SESA45475/.m2/repository/org/apache/derby/derby/10.14.2.0/derby-10.14.2.0.jar
java.vendor=Oracle Corporation
java.runtime.version=11+28
user.dir=C:\Users\SESA45475\Downloads\FestiBeds-Back-main
os.name=Windows 10
os.arch=amd64
os.version=10.0
derby.system.home=null
Database Class Loader started - derby.database.classpath=''
----------------------------------------------------------------
Tue Jan 25 23:25:04 EET 2022:
Shutting down instance 72c38e74-017e-9314-5c6d-000006d67100 on database directory memory:C:\Users\SESA45475\Downloads\FestiBeds-Back-main\bc563f8e-b2f8-4e9b-951c-6ca5248dbe6e with class loader jdk.internal.loader.ClassLoaders$AppClassLoader@6e5e91e4 
----------------------------------------------------------------
Tue Jan 25 23:25:05 EET 2022:
Booting Derby version The Apache Software Foundation - Apache Derby - 10.14.2.0 - (1828579): instance 125c4fa2-017e-9314-5c6d-000006d67100 
on database directory memory:C:\Users\SESA45475\Downloads\FestiBeds-Back-main\736be566-d8d7-4b32-8853-2dfe4dd2243d with class loader jdk.internal.loader.ClassLoaders$AppClassLoader@6e5e91e4 
Loaded from file:/C:/Users/SESA45475/.m2/repository/org/apache/derby/derby/10.14.2.0/derby-10.14.2.0.jar
java.vendor=Oracle Corporation
java.runtime.version=11+28
user.dir=C:\Users\SESA45475\Downloads\FestiBeds-Back-main
os.name=Windows 10
os.arch=amd64
os.version=10.0
derby.system.home=null
Database Class Loader started - derby.database.classpath=''
----------------------------------------------------------------
Tue Jan 25 23:25:36 EET 2022:
Shutting down instance 125c4fa2-017e-9314-5c6d-000006d67100 on database directory memory:C:\Users\SESA45475\Downloads\FestiBeds-Back-main\736be566-d8d7-4b32-8853-2dfe4dd2243d with class loader jdk.internal.loader.ClassLoaders$AppClassLoader@6e5e91e4 
----------------------------------------------------------------
Tue Jan 25 23:25:38 EET 2022:
Booting Derby version The Apache Software Foundation - Apache Derby - 10.14.2.0 - (1828579): instance 4b0610d0-017e-9314-5c6d-000006d67100 
on database directory memory:C:\Users\SESA45475\Downloads\FestiBeds-Back-main\b1d84939-3877-435c-b368-1c69142ed858 with class loader jdk.internal.loader.ClassLoaders$AppClassLoader@6e5e91e4 
Loaded from file:/C:/Users/SESA45475/.m2/repository/org/apache/derby/derby/10.14.2.0/derby-10.14.2.0.jar
java.vendor=Oracle Corporation
java.runtime.version=11+28
user.dir=C:\Users\SESA45475\Downloads\FestiBeds-Back-main
os.name=Windows 10
os.arch=amd64
os.version=10.0
derby.system.home=null
Database Class Loader started - derby.database.classpath=''
----------------------------------------------------------------
Tue Jan 25 23:25:43 EET 2022:
Shutting down instance 4b0610d0-017e-9314-5c6d-000006d67100 on database directory memory:C:\Users\SESA45475\Downloads\FestiBeds-Back-main\b1d84939-3877-435c-b368-1c69142ed858 with class loader jdk.internal.loader.ClassLoaders$AppClassLoader@6e5e91e4 
----------------------------------------------------------------
Tue Jan 25 23:25:44 EET 2022:
Booting Derby version The Apache Software Foundation - Apache Derby - 10.14.2.0 - (1828579): instance 9cc0d1fe-017e-9314-5c6d-000006d67100 
on database directory memory:C:\Users\SESA45475\Downloads\FestiBeds-Back-main\82a65503-f5ed-40a8-b97c-961bd6eb0bc6 with class loader jdk.internal.loader.ClassLoaders$AppClassLoader@6e5e91e4 
Loaded from file:/C:/Users/SESA45475/.m2/repository/org/apache/derby/derby/10.14.2.0/derby-10.14.2.0.jar
java.vendor=Oracle Corporation
java.runtime.version=11+28
user.dir=C:\Users\SESA45475\Downloads\FestiBeds-Back-main
os.name=Windows 10
os.arch=amd64
os.version=10.0
derby.system.home=null
Database Class Loader started - derby.database.classpath=''
----------------------------------------------------------------
Tue Jan 25 23:25:49 EET 2022:
Shutting down instance 9cc0d1fe-017e-9314-5c6d-000006d67100 on database directory memory:C:\Users\SESA45475\Downloads\FestiBeds-Back-main\82a65503-f5ed-40a8-b97c-961bd6eb0bc6 with class loader jdk.internal.loader.ClassLoaders$AppClassLoader@6e5e91e4 
----------------------------------------------------------------
Tue Jan 25 23:25:50 EET 2022:
Booting Derby version The Apache Software Foundation - Apache Derby - 10.14.2.0 - (1828579): instance 878c932c-017e-9314-5c6d-000006d67100 
on database directory memory:C:\Users\SESA45475\Downloads\FestiBeds-Back-main\1f850527-1cf7-4ec4-9752-86c0dc1a93f3 with class loader jdk.internal.loader.ClassLoaders$AppClassLoader@6e5e91e4 
Loaded from file:/C:/Users/SESA45475/.m2/repository/org/apache/derby/derby/10.14.2.0/derby-10.14.2.0.jar
java.vendor=Oracle Corporation
java.runtime.version=11+28
user.dir=C:\Users\SESA45475\Downloads\FestiBeds-Back-main
os.name=Windows 10
os.arch=amd64
os.version=10.0
derby.system.home=null
Database Class Loader started - derby.database.classpath=''
----------------------------------------------------------------
Tue Jan 25 23:51:13 EET 2022:
Shutting down instance 878c932c-017e-9314-5c6d-000006d67100 on database directory memory:C:\Users\SESA45475\Downloads\FestiBeds-Back-main\1f850527-1cf7-4ec4-9752-86c0dc1a93f3 with class loader jdk.internal.loader.ClassLoaders$AppClassLoader@6e5e91e4 
----------------------------------------------------------------
Tue Jan 25 23:51:15 EET 2022:
Booting Derby version The Apache Software Foundation - Apache Derby - 10.14.2.0 - (1828579): instance 8b69545a-017e-9314-5c6d-000006d67100 
on database directory memory:C:\Users\SESA45475\Downloads\FestiBeds-Back-main\33eba5ea-c5ca-4d4e-9c6f-3362ee97a945 with class loader jdk.internal.loader.ClassLoaders$AppClassLoader@6e5e91e4 
Loaded from file:/C:/Users/SESA45475/.m2/repository/org/apache/derby/derby/10.14.2.0/derby-10.14.2.0.jar
java.vendor=Oracle Corporation
java.runtime.version=11+28
user.dir=C:\Users\SESA45475\Downloads\FestiBeds-Back-main
os.name=Windows 10
os.arch=amd64
os.version=10.0
derby.system.home=null
Database Class Loader started - derby.database.classpath=''
----------------------------------------------------------------
Tue Jan 25 23:51:54 EET 2022:
Shutting down instance 8b69545a-017e-9314-5c6d-000006d67100 on database directory memory:C:\Users\SESA45475\Downloads\FestiBeds-Back-main\33eba5ea-c5ca-4d4e-9c6f-3362ee97a945 with class loader jdk.internal.loader.ClassLoaders$AppClassLoader@6e5e91e4 
